[11-Apr-2014 21:22:41 UTC] PHP Parse error:  syntax error, unexpected end of file in /home/ectrian/Sites/comp140-grading/cache/blade-1254c96fbd625ad54c0f3f597b690256.blade on line 48
[11-Apr-2014 21:22:56 UTC] PHP Parse error:  syntax error, unexpected end of file in /home/ectrian/Sites/comp140-grading/cache/blade-1254c96fbd625ad54c0f3f597b690256.blade on line 48
[11-Apr-2014 21:22:57 UTC] PHP Parse error:  syntax error, unexpected end of file in /home/ectrian/Sites/comp140-grading/cache/blade-1254c96fbd625ad54c0f3f597b690256.blade on line 48
[16-Apr-2014 15:54:41 UTC] PHP Fatal error:  Class 'SafeArray' not found in /home/ectrian/Sites/comp140-grading/helpers/ViewAssistant.php on line 86
[16-Apr-2014 15:54:41 UTC] PHP Fatal error:  Class 'SafeArray' not found in /home/ectrian/Sites/comp140-grading/helpers/ViewAssistant.php on line 86
[16-Apr-2014 15:55:09 UTC] PHP Fatal error:  Cannot pass parameter 1 by reference in /home/ectrian/Sites/comp140-grading/controllers/TeachingAssistantController.php on line 32
[16-Apr-2014 16:10:18 UTC] PHP Fatal error:  Cannot redeclare is_null() in /home/ectrian/Sites/comp140-grading/helpers/ViewAssistant.php on line 145
[16-Apr-2014 16:17:19 UTC] PHP Fatal error:  Cannot redeclare is_null() in /home/ectrian/Sites/comp140-grading/helpers/ViewAssistant.php on line 145
[16-Apr-2014 16:17:37 UTC] PHP Parse error:  syntax error, unexpected '\' (T_NS_SEPARATOR), expecting '(' in /home/ectrian/Sites/comp140-grading/helpers/ViewAssistant.php on line 142
[16-Apr-2014 16:19:26 UTC] PHP Parse error:  syntax error, unexpected '\' (T_NS_SEPARATOR), expecting '(' in /home/ectrian/Sites/comp140-grading/helpers/ViewAssistant.php on line 142
[16-Apr-2014 16:29:23 UTC] PHP Fatal error:  Call to undefined function override_function() in /home/ectrian/Sites/comp140-grading/helpers/ViewAssistant.php on line 147
[16-Apr-2014 16:29:24 UTC] PHP Fatal error:  Call to undefined function override_function() in /home/ectrian/Sites/comp140-grading/helpers/ViewAssistant.php on line 147
[17-Apr-2014 18:44:22 UTC] PHP Fatal error:  Cannot redeclare is_eq_null() (previously declared in /home/ectrian/Dropbox/github/framework/src/framework/utilityclasses.php:145) in /home/ectrian/Sites/comp140-grading/helpers/ViewAssistant.php on line 145
[17-Apr-2014 18:44:23 UTC] PHP Fatal error:  Cannot redeclare is_eq_null() (previously declared in /home/ectrian/Dropbox/github/framework/src/framework/utilityclasses.php:145) in /home/ectrian/Sites/comp140-grading/helpers/ViewAssistant.php on line 145
[17-Apr-2014 18:44:24 UTC] PHP Fatal error:  Cannot redeclare is_eq_null() (previously declared in /home/ectrian/Dropbox/github/framework/src/framework/utilityclasses.php:145) in /home/ectrian/Sites/comp140-grading/helpers/ViewAssistant.php on line 145
[17-Apr-2014 18:44:24 UTC] PHP Fatal error:  Cannot redeclare is_eq_null() (previously declared in /home/ectrian/Dropbox/github/framework/src/framework/utilityclasses.php:145) in /home/ectrian/Sites/comp140-grading/helpers/ViewAssistant.php on line 145
[17-Apr-2014 18:44:25 UTC] PHP Fatal error:  Cannot redeclare is_eq_null() (previously declared in /home/ectrian/Dropbox/github/framework/src/framework/utilityclasses.php:145) in /home/ectrian/Sites/comp140-grading/helpers/ViewAssistant.php on line 145
[17-Apr-2014 18:44:25 UTC] PHP Fatal error:  Cannot redeclare is_eq_null() (previously declared in /home/ectrian/Dropbox/github/framework/src/framework/utilityclasses.php:145) in /home/ectrian/Sites/comp140-grading/helpers/ViewAssistant.php on line 145
[17-Apr-2014 18:44:26 UTC] PHP Fatal error:  Cannot redeclare is_eq_null() (previously declared in /home/ectrian/Dropbox/github/framework/src/framework/utilityclasses.php:145) in /home/ectrian/Sites/comp140-grading/helpers/ViewAssistant.php on line 145
[17-Apr-2014 19:12:25 UTC] PHP Fatal error:  Class 'ImmutableDefaultArrayMap' not found in /home/ectrian/Sites/comp140-grading/controllers/TeachingAssistantController.php on line 33
[17-Apr-2014 19:12:26 UTC] PHP Fatal error:  Class 'ImmutableDefaultArrayMap' not found in /home/ectrian/Sites/comp140-grading/controllers/TeachingAssistantController.php on line 33
[17-Apr-2014 19:12:27 UTC] PHP Fatal error:  Class 'ImmutableDefaultArrayMap' not found in /home/ectrian/Sites/comp140-grading/controllers/TeachingAssistantController.php on line 33
[17-Apr-2014 19:12:28 UTC] PHP Fatal error:  Class 'ImmutableDefaultArrayMap' not found in /home/ectrian/Sites/comp140-grading/controllers/TeachingAssistantController.php on line 33
[17-Apr-2014 21:36:28 UTC] PHP Fatal error:  Cannot use $this as lexical variable in /home/ectrian/Sites/comp140-grading/controllers/TeachingAssistantController.php on line 33
[17-Apr-2014 21:36:35 UTC] PHP Fatal error:  Cannot use $this as lexical variable in /home/ectrian/Sites/comp140-grading/controllers/TeachingAssistantController.php on line 33
[17-Apr-2014 21:37:58 UTC] PHP Fatal error:  Cannot pass parameter 1 by reference in /home/ectrian/Sites/comp140-grading/controllers/TeachingAssistantController.php on line 34
[17-Apr-2014 21:38:15 UTC] PHP Fatal error:  Cannot pass parameter 1 by reference in /home/ectrian/Sites/comp140-grading/controllers/TeachingAssistantController.php on line 34
[17-Apr-2014 21:38:16 UTC] PHP Fatal error:  Cannot pass parameter 1 by reference in /home/ectrian/Sites/comp140-grading/controllers/TeachingAssistantController.php on line 34
[17-Apr-2014 21:38:16 UTC] PHP Fatal error:  Cannot pass parameter 1 by reference in /home/ectrian/Sites/comp140-grading/controllers/TeachingAssistantController.php on line 34
[21-Apr-2014 18:15:32 UTC] PHP Fatal error:  Declaration of DatabaseChunkIterator::offsetSet() must be compatible with ArrayAccess::offsetSet($offset, $value) in /home/ectrian/Dropbox/github/framework/src/extras/chunk-iterator.php on line 16
[21-Apr-2014 18:15:56 UTC] PHP Fatal error:  Declaration of DatabaseChunkIterator::offsetExists() must be compatible with ArrayAccess::offsetExists($offset) in /home/ectrian/Dropbox/github/framework/src/extras/chunk-iterator.php on line 16
[21-Apr-2014 18:16:18 UTC] PHP Fatal error:  Class SurveyParticipantIterator contains 1 abstract method and must therefore be declared abstract or implement the remaining methods (Countable::count) in /home/ectrian/Dropbox/github/framework/src/extras/chunk-iterator.php on line 285
[21-Apr-2014 19:26:54 UTC] PHP Parse error:  syntax error, unexpected 'else' (T_ELSE) in /home/ectrian/Dropbox/github/framework/src/framework/url.php on line 236
[21-Apr-2014 19:50:46 UTC] PHP Parse error:  syntax error, unexpected ')' in /home/ectrian/Sites/comp140-grading/cache/blade-ce9b3910cda77c6a26352358536fd947.blade on line 31
